<?xml version="1.0" encoding="UTF-8"?>
<!-- Generated by org.testng.reporters.JUnitXMLReporter -->
<testsuite hostname="Harini-PC" ignored="0" name="B" tests="1" failures="1" timestamp="29 Oct 2018 13:25:36 GMT" time="5.534" errors="0">
  <testcase name="testLoginB" time="0.005" classname="Winwire.Maddies.B">
    <failure type="java.lang.AssertionError" message="expected [true] but found [false]">
      <![CDATA[java.lang.AssertionError: expected [true] but found [false]at Winwire.Maddies.B.testLoginB(B.java:21)... Removed 29 stack frames]]>
    </failure>
  </testcase> <!-- testLoginB -->
</testsuite> <!-- B -->
