<?xml version="1.0" encoding="UTF-8"?>
<!-- Generated by org.testng.reporters.JUnitXMLReporter -->
<testsuite hostname="Harini-PC" ignored="0" name="C" tests="1" failures="1" timestamp="29 Oct 2018 13:25:41 GMT" time="5.333" errors="0">
  <testcase name="testLoginC" time="0.004" classname="Winwire.Maddies.C">
    <failure type="java.lang.AssertionError" message="expected [true] but found [false]">
      <![CDATA[java.lang.AssertionError: expected [true] but found [false]at Winwire.Maddies.C.testLoginC(C.java:17)... Removed 29 stack frames]]>
    </failure>
  </testcase> <!-- testLoginC -->
</testsuite> <!-- C -->
